t=2025-08-15T14:31:37+0200 lvl=info msg="command usage" msg="Flag --region has been deprecated, ngrok automatically chooses the region with lowest latency"
t=2025-08-15T14:31:37+0200 lvl=info msg="no configuration paths supplied"
t=2025-08-15T14:31:37+0200 lvl=info msg="using configuration at default config path" path=/root/.config/ngrok/ngrok.yml
t=2025-08-15T14:31:37+0200 lvl=info msg="open config file" path=/root/.config/ngrok/ngrok.yml err=nil
t=2025-08-15T14:31:37+0200 lvl=warn msg="can't bind default web address, trying alternatives" obj=web addr=127.0.0.1:4040
t=2025-08-15T14:31:37+0200 lvl=info msg="starting web service" obj=web addr=127.0.0.1:4041 allow_hosts=[]
t=2025-08-15T14:31:38+0200 lvl=eror msg="failed to reconnect session" obj=tunnels.session err="authentication failed: Your account is limited to 1 simultaneous ngrok agent sessions.\nYou can run multiple simultaneous tunnels from a single agent session by defining the tunnels in your agent configuration file and starting them with the command `ngrok start --all`.\nRead more about the agent configuration file: https://ngrok.com/docs/secure-tunnels/ngrok-agent/reference/config\nYou can view your current agent sessions in the dashboard:\nhttps://dashboard.ngrok.com/agents\r\n\r\nERR_NGROK_108\r\n"
t=2025-08-15T14:31:38+0200 lvl=eror msg="session closing" obj=tunnels.session err="authentication failed: Your account is limited to 1 simultaneous ngrok agent sessions.\nYou can run multiple simultaneous tunnels from a single agent session by defining the tunnels in your agent configuration file and starting them with the command `ngrok start --all`.\nRead more about the agent configuration file: https://ngrok.com/docs/secure-tunnels/ngrok-agent/reference/config\nYou can view your current agent sessions in the dashboard:\nhttps://dashboard.ngrok.com/agents\r\n\r\nERR_NGROK_108\r\n"
t=2025-08-15T14:31:38+0200 lvl=info msg="received stop request" obj=app stopReq="{err:{Remote:true Inner:{Inner:0xc000624410}} restart:false}"
t=2025-08-15T14:31:38+0200 lvl=eror msg="terminating with error" obj=app err="authentication failed: Your account is limited to 1 simultaneous ngrok agent sessions.\nYou can run multiple simultaneous tunnels from a single agent session by defining the tunnels in your agent configuration file and starting them with the command `ngrok start --all`.\nRead more about the agent configuration file: https://ngrok.com/docs/secure-tunnels/ngrok-agent/reference/config\nYou can view your current agent sessions in the dashboard:\nhttps://dashboard.ngrok.com/agents\r\n\r\nERR_NGROK_108\r\n"
t=2025-08-15T14:31:38+0200 lvl=crit msg="command failed" err="authentication failed: Your account is limited to 1 simultaneous ngrok agent sessions.\nYou can run multiple simultaneous tunnels from a single agent session by defining the tunnels in your agent configuration file and starting them with the command `ngrok start --all`.\nRead more about the agent configuration file: https://ngrok.com/docs/secure-tunnels/ngrok-agent/reference/config\nYou can view your current agent sessions in the dashboard:\nhttps://dashboard.ngrok.com/agents\r\n\r\nERR_NGROK_108\r\n"
ERROR:  authentication failed: Your account is limited to 1 simultaneous ngrok agent sessions.
ERROR:  You can run multiple simultaneous tunnels from a single agent session by defining the tunnels in your agent configuration file and starting them with the command `ngrok start --all`.
ERROR:  Read more about the agent configuration file: https://ngrok.com/docs/secure-tunnels/ngrok-agent/reference/config
ERROR:  You can view your current agent sessions in the dashboard:
ERROR:  https://dashboard.ngrok.com/agents
ERROR:  
ERROR:  ERR_NGROK_108
ERROR:  https://ngrok.com/docs/errors/err_ngrok_108
ERROR:  
t=2025-08-15T14:31:38+0200 lvl=warn msg="failed to check for update" obj=updater err="Post \"https://update.equinox.io/check\": context canceled"
